0 info it worked if it ends with ok
1 verbose cli [ 'C:\\Program Files (x86)\\nodejs\\node.exe',
1 verbose cli   'C:\\Program Files (x86)\\nodejs\\node_modules\\npm\\bin\\npm-cli.js',
1 verbose cli   'run',
1 verbose cli   'watch' ]
2 info using npm@3.5.3
3 info using node@v4.2.4
4 verbose run-script [ 'prewatch', 'watch', 'postwatch' ]
5 info lifecycle seriously@1.0.0~prewatch: seriously@1.0.0
6 silly lifecycle seriously@1.0.0~prewatch: no script for prewatch, continuing
7 info lifecycle seriously@1.0.0~watch: seriously@1.0.0
8 verbose lifecycle seriously@1.0.0~watch: unsafe-perm in lifecycle true
9 verbose lifecycle seriously@1.0.0~watch: PATH: C:\Program Files (x86)\nodejs\node_modules\npm\bin\node-gyp-bin;C:\Users\Alican\Repos\Seriously.js\node_modules\.bin;C:\Program Files\ImageMagick-6.9.2-Q16;C:\ProgramData\Oracle\Java\javapath;C:\Windows\system32;C:\Windows;C:\Windows\System32\Wbem;C:\Windows\System32\WindowsPowerShell\v1.0\;C:\Program Files (x86)\Windows Kits\8.1\Windows Performance Toolkit\;C:\Program Files\Microsoft SQL Server\110\Tools\Binn\;C:\Windows\idmu\common;C:\Program Files (x86)\Git\bin;C:\Program Files (x86)\Heroku\bin;C:\Program Files (x86)\git\cmd;C:\ProgramData\chocolatey\bin;C:\ffmpeg-20150212-git-60bb893-win64-static\bin;C:\Program Files (x86)\QuickTime\QTSystem\;C:\Program Files\Intel\WiFi\bin\;C:\Program Files\Common Files\Intel\WirelessCommon\;C:\Program Files (x86)\WinSCP\;C:\Program Files\Microsoft\W;C:\Program Files (x86)\Microsoft SDKs\TypeScript\1.5\;C:\Program Files (x86)\GnuWin32\bin;C:\Program Files (x86)\LLVM\bin;C:\Program Files (x86)\Common Files\GTK\2.0\bin;C:\Program Files (x86)\Microsoft SDKs\Azure\CLI\wbin;C:\depot_tools;C:\Program Files\Rust stable 1.2\bin;C:\Program Files (x86)\NSIS\Unicode;C:\Program Files\Microsoft SQL Server\120\Tools\Binn\;C:\Program Files (x86)\NVIDIA Corporation\PhysX\Common;C:\Program Files (x86)\Microsoft Emulator Manager\1.0\;C:\Program Files (x86)\Skype\Phone\;C:\Program Files (x86)\nodejs\;C:\Program Files (x86)\Windows Kits\10\Windows Performance Toolkit\;C:\Windows\SysWOW64\WindowsPowerShell\v1.0\Modules\TShell\TShell\;C:\Program Files\MongoDB\Server\3.2\bin;C:\Program Files\Emscripten;C:\Program Files\Emscripten\emscripten\1.35.0;C:\Python34\;C:\Python34\Scripts;C:\Users\Alican\AppData\Local\atom\bin;C:\Program Files (x86)\Microsoft VS Code\bin;C:\Users\Alican\AppData\Roaming\npm
10 verbose lifecycle seriously@1.0.0~watch: CWD: C:\Users\Alican\Repos\Seriously.js
11 silly lifecycle seriously@1.0.0~watch: Args: [ '/d /s /c',
11 silly lifecycle   'babel src --out-dir dist --source-maps true --watch' ]
12 silly lifecycle seriously@1.0.0~watch: Returned: code: 1  signal: null
13 info lifecycle seriously@1.0.0~watch: Failed to exec watch script
14 verbose stack Error: seriously@1.0.0 watch: `babel src --out-dir dist --source-maps true --watch`
14 verbose stack Exit status 1
14 verbose stack     at EventEmitter.<anonymous> (C:\Program Files (x86)\nodejs\node_modules\npm\lib\utils\lifecycle.js:232:16)
14 verbose stack     at emitTwo (events.js:87:13)
14 verbose stack     at EventEmitter.emit (events.js:172:7)
14 verbose stack     at ChildProcess.<anonymous> (C:\Program Files (x86)\nodejs\node_modules\npm\lib\utils\spawn.js:24:14)
14 verbose stack     at emitTwo (events.js:87:13)
14 verbose stack     at ChildProcess.emit (events.js:172:7)
14 verbose stack     at maybeClose (internal/child_process.js:818:16)
14 verbose stack     at Process.ChildProcess._handle.onexit (internal/child_process.js:211:5)
15 verbose pkgid seriously@1.0.0
16 verbose cwd C:\Users\Alican\Repos\Seriously.js
17 error Windows_NT 6.3.9600
18 error argv "C:\\Program Files (x86)\\nodejs\\node.exe" "C:\\Program Files (x86)\\nodejs\\node_modules\\npm\\bin\\npm-cli.js" "run" "watch"
19 error node v4.2.4
20 error npm  v3.5.3
21 error code ELIFECYCLE
22 error seriously@1.0.0 watch: `babel src --out-dir dist --source-maps true --watch`
22 error Exit status 1
23 error Failed at the seriously@1.0.0 watch script 'babel src --out-dir dist --source-maps true --watch'.
23 error Make sure you have the latest version of node.js and npm installed.
23 error If you do, this is most likely a problem with the seriously package,
23 error not with npm itself.
23 error Tell the author that this fails on your system:
23 error     babel src --out-dir dist --source-maps true --watch
23 error You can get information on how to open an issue for this project with:
23 error     npm bugs seriously
23 error Or if that isn't available, you can get their info via:
23 error     npm owner ls seriously
23 error There is likely additional logging output above.
24 verbose exit [ 1, true ]
